0 info it worked if it ends with ok
1 verbose cli [ 'node', '/usr/local/bin/npm', 'install', 'duplexer' ]
2 info using npm@2.13.0
3 info using node@v0.10.31
4 verbose install initial load of /var/www/javascript/dankify/package.json
5 verbose installManyTop reading scoped package data from /var/www/javascript/dankify/node_modules/concat-stream/package.json
6 verbose installManyTop reading scoped package data from /var/www/javascript/dankify/node_modules/request/package.json
7 verbose installManyTop reading scoped package data from /var/www/javascript/dankify/node_modules/split/package.json
8 verbose installManyTop reading scoped package data from /var/www/javascript/dankify/node_modules/through2/package.json
9 verbose installManyTop reading scoped package data from /var/www/javascript/dankify/node_modules/trumpet/package.json
10 verbose installManyTop reading scoped package data from /var/www/javascript/dankify/node_modules/websocket-stream/package.json
11 verbose readDependencies loading dependencies from /var/www/javascript/dankify/package.json
12 silly cache add args [ 'duplexer', null ]
13 verbose cache add spec duplexer
14 silly cache add parsed spec { raw: 'duplexer',
14 silly cache add   scope: null,
14 silly cache add   name: 'duplexer',
14 silly cache add   rawSpec: '',
14 silly cache add   spec: '*',
14 silly cache add   type: 'range' }
15 silly addNamed duplexer@*
16 verbose addNamed "*" is a valid semver range for duplexer
17 silly addNameRange { name: 'duplexer', range: '*', hasData: false }
18 silly mapToRegistry name duplexer
19 silly mapToRegistry using default registry
20 silly mapToRegistry registry http://localhost:15443/
21 silly mapToRegistry uri http://localhost:15443/duplexer
22 verbose addNameRange registry:http://localhost:15443/duplexer not in flight; fetching
23 verbose request uri http://localhost:15443/duplexer
24 verbose request no auth needed
25 info attempt registry request try #1 at 15:43:19
26 verbose request id c2687e481e2783d8
27 http request GET http://localhost:15443/duplexer
28 info retry will retry, error on last attempt: Error: connect ECONNREFUSED
29 info attempt registry request try #2 at 15:43:29
30 http request GET http://localhost:15443/duplexer
31 info retry will retry, error on last attempt: Error: connect ECONNREFUSED
32 info attempt registry request try #3 at 15:44:29
33 http request GET http://localhost:15443/duplexer
34 verbose stack Error: connect ECONNREFUSED
34 verbose stack     at errnoException (net.js:904:11)
34 verbose stack     at Object.afterConnect [as oncomplete] (net.js:895:19)
35 verbose cwd /var/www/javascript/dankify
36 error Linux 3.2.0-60-lowlatency-pae
37 error argv "node" "/usr/local/bin/npm" "install" "duplexer"
38 error node v0.10.31
39 error npm  v2.13.0
40 error code ECONNREFUSED
41 error errno ECONNREFUSED
42 error syscall connect
43 error Error: connect ECONNREFUSED
43 error     at errnoException (net.js:904:11)
43 error     at Object.afterConnect [as oncomplete] (net.js:895:19)
43 error  { [Error: connect ECONNREFUSED]
43 error   code: 'ECONNREFUSED',
43 error   errno: 'ECONNREFUSED',
43 error   syscall: 'connect',
43 error   parent: '@lori/dankify' }
44 error If you are behind a proxy, please make sure that the
44 error 'proxy' config is set properly.  See: 'npm help config'
45 verbose exit [ 1, true ]
